<?xml version="1.0" encoding="UTF-8"?>
<!-- Generated by org.testng.reporters.JUnitXMLReporter -->
<testsuite ignored="1" hostname="DESKTOP-MFT30V2" failures="0" tests="7" name="Test1" time="0.14" errors="0" timestamp="18 Jan 2019 18:09:05 GMT">
  <testcase classname="Test.TestNGAnnotationsDemo" name="c" time="0.023"/>
  <testcase classname="Test.TestNGAnnotationsDemo" name="f" time="0.004"/>
  <testcase classname="Test.TestNGAnnotationsDemo" name="a" time="0.01"/>
  <testcase classname="Test.TestNGAnnotationsDemo" name="b" time="0.003"/>
  <testcase classname="Test.TestNGAnnotationsDemo" name="g" time="0.008"/>
  <testcase classname="Test.TestNGAnnotationsDemo" name="h" time="0.003"/>
  <testcase classname="Test.TestNGAnnotationsDemo" name="e" time="0.001"/>
  <testcase classname="Test.TestNGAnnotationsDemo" name="d" time="0.0">
    <ignored/>
  </testcase> <!-- d -->
</testsuite> <!-- Test1 -->
