<?xml version="1.0" encoding="UTF-8"?>
<!-- Generated by org.testng.reporters.JUnitXMLReporter -->
<testsuite ignored="0" hostname="DESKTOP-MFT30V2" failures="0" tests="1" name="Test" time="4.759" errors="0" timestamp="18 Jan 2019 18:39:12 GMT">
  <testcase classname="Test.FacebookLoginPageTest" name="@BeforeTest setUpBrowser" time="0.0">
    <failure type="org.testng.TestNGException" message="
Can inject only one of &amp;lt;ITestContext, XmlTest&amp;gt; into a @BeforeTest annotated setUpBrowser.
For more information on native dependency injection please refer to http://testng.org/doc/documentation-main.html#native-dependency-injection">
      <![CDATA[org.testng.TestNGException: 
Can inject only one of <ITestContext, XmlTest> into a @BeforeTest annotated setUpBrowser.
For more information on native dependency injection please refer to http://testng.org/doc/documentation-main.html#native-dependency-injection
... Removed 21 stack frames]]>
    </failure>
  </testcase> <!-- @BeforeTest setUpBrowser -->
  <testcase classname="Test.FacebookLoginPageTest" name="@AfterTest tearDownBrowser" time="0.0">
    <skipped/>
  </testcase> <!-- @AfterTest tearDownBrowser -->
  <testcase classname="Test.FacebookLoginPageTest" name="registerNewUser" time="0.0">
    <skipped/>
  </testcase> <!-- registerNewUser -->
</testsuite> <!-- Test -->
