<?xml version="1.0" encoding="UTF-8"?>
<!-- Generated by org.testng.reporters.JUnitXMLReporter -->
<testsuite ignored="0" hostname="DESKTOP-MFT30V2" failures="0" tests="4" name="Default test" time="0.092" errors="0" timestamp="18 Jan 2019 17:06:39 GMT">
  <testcase classname="Test.TestNGAnnotationsDemo" name="a" time="0.016"/>
  <testcase classname="Test.TestNGAnnotationsDemo" name="b" time="0.005"/>
  <testcase classname="Test.TestNGAnnotationsDemo" name="c" time="0.004"/>
  <testcase classname="Test.TestNGAnnotationsDemo" name="d" time="0.003"/>
</testsuite> <!-- Default test -->
